{"numTotalTestSuites":356,"numPassedTestSuites":340,"numFailedTestSuites":16,"numPendingTestSuites":0,"numTotalTests":920,"numPassedTests":907,"numFailedTests":13,"numPendingTests":0,"numTodoTests":0,"snapshot":{"added":0,"failure":false,"filesAdded":0,"filesRemoved":0,"filesRemovedList":[],"filesUnmatched":0,"filesUpdated":0,"matched":0,"total":0,"unchecked":0,"uncheckedKeysByFile":[],"unmatched":0,"updated":0,"didUpdate":false},"startTime":1777296250040,"success":false,"testResults":[{"assertionResults":[{"ancestorTitles":["ADC Range Validation"],"fullName":"ADC Range Validation generates info for comparison exceeding ADC max on Arduino Uno (10-bit)","status":"passed","title":"generates info for comparison exceeding ADC max on Arduino Uno (10-bit)","duration":2866.1952,"failureMessages":[],"meta":{},"tags":[]},{"ancestorTitles":["ADC Range Validation"],"fullName":"ADC Range Validation does not generate warning for comparison within ADC range","status":"passed","title":"does not generate warning for comparison within ADC range","duration":2396.531499999999,"failureMessages":[],"meta":{},"tags":[]},{"ancestorTitles":["ADC Range Validation"],"fullName":"ADC Range Validation generates info for comparison on right side","status":"passed","title":"generates info for comparison on right side","duration":1936.2564999999995,"failureMessages":[],"meta":{},"tags":[]},{"ancestorTitles":["ADC Range Validation"],"fullName":"ADC Range Validation does not generate warning for non-ADC comparisons","status":"passed","title":"does not generate warning for non-ADC comparisons","duration":18.208199999999124,"failureMessages":[],"meta":{},"tags":[]},{"ancestorTitles":["ADC Range Validation"],"fullName":"ADC Range Validation generates info for threshold at exact boundary","status":"passed","title":"generates info for threshold at exact boundary","duration":1663.1445999999996,"failureMessages":[],"meta":{},"tags":[]},{"ancestorTitles":["ADC Range Validation"],"fullName":"ADC Range Validation does not generate warning for threshold at max value","status":"passed","title":"does not generate warning for threshold at max value","duration":1480.369700000001,"failureMessages":[],"meta":{},"tags":[]}],"startTime":1777296253431,"endTime":1777296263793.3696,"status":"passed","message":"","name":"C:/typecad/typecode/tests/adc-range.test.ts"},{"assertionResults":[{"ancestorTitles":["Bug 1: this.x = val assignments in constructor/method bodies"],"fullName":"Bug 1: this.x = val assignments in constructor/method bodies emits this->field = value in constructor body","status":"passed","title":"emits this->field = value in constructor body","duration":60.8433,"failureMessages":[],"meta":{},"tags":[]},{"ancestorTitles":["Bug 1: this.x = val assignments in constructor/method bodies"],"fullName":"Bug 1: this.x = val assignments in constructor/method bodies emits this->field = this->field + expr in method body","status":"passed","title":"emits this->field = this->field + expr in method body","duration":24.632100000000264,"failureMessages":[],"meta":{},"tags":[]},{"ancestorTitles":["Bug 1: this.x = val assignments in constructor/method bodies"],"fullName":"Bug 1: this.x = val assignments in constructor/method bodies emits obj.field = value for property access assignments","status":"passed","title":"emits obj.field = value for property access assignments","duration":57.92669999999998,"failureMessages":[],"meta":{},"tags":[]},{"ancestorTitles":["Bug 5: arr[i] = val element access assignments"],"fullName":"Bug 5: arr[i] = val element access assignments emits arr[index] = value for element access assignments","status":"passed","title":"emits arr[index] = value for element access assignments","duration":17.678300000000036,"failureMessages":[],"meta":{},"tags":[]},{"ancestorTitles":["Bug 5: arr[i] = val element access assignments"],"fullName":"Bug 5: arr[i] = val element access assignments emits arr[expr] = value with expression index","status":"passed","title":"emits arr[expr] = value with expression index","duration":73.60510000000022,"failureMessages":[],"meta":{},"tags":[]},{"ancestorTitles":["Bug 7: Parenthesized expressions preserve precedence"],"fullName":"Bug 7: Parenthesized expressions preserve precedence wraps lower-precedence left operand in parentheses","status":"passed","title":"wraps lower-precedence left operand in parentheses","duration":20.959400000000187,"failureMessages":[],"meta":{},"tags":[]},{"ancestorTitles":["Bug 7: Parenthesized expressions preserve precedence"],"fullName":"Bug 7: Parenthesized expressions preserve precedence wraps lower-precedence right operand in parentheses","status":"passed","title":"wraps lower-precedence right operand in parentheses","duration":22.43859999999995,"failureMessages":[],"meta":{},"tags":[]},{"ancestorTitles":["Bug 7: Parenthesized expressions preserve precedence"],"fullName":"Bug 7: Parenthesized expressions preserve precedence does not add unnecessary parentheses for same-precedence operators","status":"passed","title":"does not add unnecessary parentheses for same-precedence operators","duration":13.633200000000215,"failureMessages":[],"meta":{},"tags":[]},{"ancestorTitles":["Bug 7: Parenthesized expressions preserve precedence"],"fullName":"Bug 7: Parenthesized expressions preserve precedence handles mixed precedence chains","status":"passed","title":"handles mixed precedence chains","duration":10.971999999999753,"failureMessages":[],"meta":{},"tags":[]},{"ancestorTitles":["Bug 8: Postfix unary expressions in expression context"],"fullName":"Bug 8: Postfix unary expressions in expression context emits i++ as postfix in expression context","status":"passed","title":"emits i++ as postfix in expression context","duration":29.028800000000047,"failureMessages":[],"meta":{},"tags":[]},{"ancestorTitles":["Bug 8: Postfix unary expressions in expression context"],"fullName":"Bug 8: Postfix unary expressions in expression context emits i-- as postfix in expression context","status":"passed","title":"emits i-- as postfix in expression context","duration":15.324299999999766,"failureMessages":[],"meta":{},"tags":[]},{"ancestorTitles":["Bug 3: new Uint8Array(n) size constructor"],"fullName":"Bug 3: new Uint8Array(n) size constructor emits zero-initialized C array for new Uint8Array(4)","status":"passed","title":"emits zero-initialized C array for new Uint8Array(4)","duration":25.69820000000027,"failureMessages":[],"meta":{},"tags":[]},{"ancestorTitles":["Bug 3: new Uint8Array(n) size constructor"],"fullName":"Bug 3: new Uint8Array(n) size constructor emits zero-initialized C array for new Int16Array(3)","status":"passed","title":"emits zero-initialized C array for new Int16Array(3)","duration":20.191399999999703,"failureMessages":[],"meta":{},"tags":[]},{"ancestorTitles":["Bug 9: String assertions preprocessor"],"fullName":"Bug 9: String assertions preprocessor distinguishes expectString from expect in segment collection","status":"passed","title":"distinguishes expectString from expect in segment collection","duration":87.32159999999976,"failureMessages":[],"meta":{},"tags":[]},{"ancestorTitles":["Bug 4: Float type propagation"],"fullName":"Bug 4: Float type propagation renders float literals with f suffix","status":"passed","title":"renders float literals with f suffix","duration":7.027399999999943,"failureMessages":[],"meta":{},"tags":[]},{"ancestorTitles":["Bug 4: Float type propagation"],"fullName":"Bug 4: Float type propagation renders integer-valued float literals with .0f suffix","status":"passed","title":"renders integer-valued float literals with .0f suffix","duration":7.516299999999774,"failureMessages":[],"meta":{},"tags":[]},{"ancestorTitles":["Bug 4: Float type propagation"],"fullName":"Bug 4: Float type propagation infers float type for float variable declarations","status":"passed","title":"infers float type for float variable declarations","duration":6.811799999999948,"failureMessages":[],"meta":{},"tags":[]},{"ancestorTitles":["Bug 4: Float type propagation"],"fullName":"Bug 4: Float type propagation promotes function return type from int to float when body returns float","status":"passed","title":"promotes function return type from int to float when body returns float","duration":23.584200000000237,"failureMessages":[],"meta":{},"tags":[]},{"ancestorTitles":["Bug 4: Float type propagation"],"fullName":"Bug 4: Float type propagation renders float arithmetic with f suffixes","status":"passed","title":"renders float arithmetic with f suffixes","duration":9.298600000000079,"failureMessages":[],"meta":{},"tags":[]},{"ancestorTitles":["Bug 4: Float type propagation"],"fullName":"Bug 4: Float type propagation keeps integer literals without f suffix","status":"passed","title":"keeps integer literals without f suffix","duration":13.647599999999784,"failureMessages":[],"meta":{},"tags":[]},{"ancestorTitles":["Bug 4: Float type propagation"],"fullName":"Bug 4: Float type propagation handles mixed int/float arithmetic","status":"passed","title":"handles mixed int/float arithmetic","duration":14.403299999999945,"failureMessages":[],"meta":{},"tags":[]},{"ancestorTitles":["Bug 4: Float type propagation"],"fullName":"Bug 4: Float type propagation promotes arrow function return type when returning float","status":"passed","title":"promotes arrow function return type when returning float","duration":16.86779999999999,"failureMessages":[],"meta":{},"tags":[]},{"ancestorTitles":["Bug 2: Nested object struct generation"],"fullName":"Bug 2: Nested object struct generation generates nested struct for two-level nested object literal","status":"passed","title":"generates nested struct for two-level nested object literal","duration":20.95560000000023,"failureMessages":[],"meta":{},"tags":[]},{"ancestorTitles":["Bug 2: Nested object struct generation"],"fullName":"Bug 2: Nested object struct generation generates nested struct for three-level nested object","status":"passed","title":"generates nested struct for three-level nested object","duration":17.72579999999971,"failureMessages":[],"meta":{},"tags":[]},{"ancestorTitles":["Bug 2: Nested object struct generation"],"fullName":"Bug 2: Nested object struct generation preserves nested object field access expressions","status":"passed","title":"preserves nested object field access expressions","duration":60.1268,"failureMessages":[],"meta":{},"tags":[]},{"ancestorTitles":["Bug 2: Nested object struct generation"],"fullName":"Bug 2: Nested object struct generation handles nested object with mixed types including float","status":"passed","title":"handles nested object with mixed types including float","duration":14.755799999999908,"failureMessages":[],"meta":{},"tags":[]},{"ancestorTitles":["Bug 6: Nested function hoisting"],"fullName":"Bug 6: Nested function hoisting hoists nested function to file scope with mangled name","status":"passed","title":"hoists nested function to file scope with mangled name","duration":22.65610000000015,"failureMessages":[],"meta":{},"tags":[]},{"ancestorTitles":["Bug 6: Nested function hoisting"],"fullName":"Bug 6: Nested function hoisting hoists nested function called before its declaration (hoisting)","status":"passed","title":"hoists nested function called before its declaration (hoisting)","duration":75.67560000000003,"failureMessages":[],"meta":{},"tags":[]},{"ancestorTitles":["Bug 6: Nested function hoisting"],"fullName":"Bug 6: Nested function hoisting hoists multiple nested functions from the same parent","status":"passed","title":"hoists multiple nested functions from the same parent","duration":14.45640000000003,"failureMessages":[],"meta":{},"tags":[]},{"ancestorTitles":["Bug 6: Nested function hoisting"],"fullName":"Bug 6: Nested function hoisting preserves return type annotation on nested function","status":"passed","title":"preserves return type annotation on nested function","duration":19.730599999999868,"failureMessages":[],"meta":{},"tags":[]}],"startTime":1777296266680,"endTime":1777296267510.7307,"status":"passed","message":"","name":"C:/typecad/typecode/tests/bug-fixes.test.ts"},{"assertionResults":[{"ancestorTitles":["Bus Ownership Pattern","I2C ownership"],"fullName":"Bus Ownership Pattern I2C ownership emits comment for I2C0.take() and I2C0.release()","status":"passed","title":"emits comment for I2C0.take() and I2C0.release()","duration":2770.4579000000003,"failureMessages":[],"meta":{},"tags":[]},{"ancestorTitles":["Bus Ownership Pattern","I2C ownership"],"fullName":"Bus Ownership Pattern I2C ownership generates error for double take without release","status":"passed","title":"generates error for double take without release","duration":1924.7145,"failureMessages":[],"meta":{},"tags":[]},{"ancestorTitles":["Bus Ownership Pattern","I2C ownership"],"fullName":"Bus Ownership Pattern I2C ownership generates warning for I/O without ownership","status":"passed","title":"generates warning for I/O without ownership","duration":1886.7096000000001,"failureMessages":[],"meta":{},"tags":[]},{"ancestorTitles":["Bus Ownership Pattern","I2C ownership"],"fullName":"Bus Ownership Pattern I2C ownership generates warning for release without take","status":"passed","title":"generates warning for release without take","duration":1648.2531,"failureMessages":[],"meta":{},"tags":[]},{"ancestorTitles":["Bus Ownership Pattern","SPI ownership"],"fullName":"Bus Ownership Pattern SPI ownership emits comment for SPI0.take() and SPI0.release()","status":"passed","title":"emits comment for SPI0.take() and SPI0.release()","duration":1576.7911999999997,"failureMessages":[],"meta":{},"tags":[]},{"ancestorTitles":["Bus Ownership Pattern","UART ownership"],"fullName":"Bus Ownership Pattern UART ownership emits comment for UART0.take() and UART0.release()","status":"passed","title":"emits comment for UART0.take() and UART0.release()","duration":1367.0625,"failureMessages":[],"meta":{},"tags":[]},{"ancestorTitles":["Bus Ownership Pattern","Opt-in behavior"],"fullName":"Bus Ownership Pattern Opt-in behavior no diagnostics when ownership pattern is not used","status":"passed","title":"no diagnostics when ownership pattern is not used","duration":1366.4552000000003,"failureMessages":[],"meta":{},"tags":[]},{"ancestorTitles":["Bus Ownership Pattern","Opt-in behavior"],"fullName":"Bus Ownership Pattern Opt-in behavior no diagnostics when take/release used correctly","status":"passed","title":"no diagnostics when take/release used correctly","duration":1727.8105000000014,"failureMessages":[],"meta":{},"tags":[]},{"ancestorTitles":["Bus Ownership Pattern","Take/release in loop"],"fullName":"Bus Ownership Pattern Take/release in loop correctly validates take/release across loop iterations","status":"passed","title":"correctly validates take/release across loop iterations","duration":1365.7757999999994,"failureMessages":[],"meta":{},"tags":[]},{"ancestorTitles":["Combined GPIO + Bus Ownership"],"fullName":"Combined GPIO + Bus Ownership handles both patterns in the same program","status":"passed","title":"handles both patterns in the same program","duration":1186.8129000000008,"failureMessages":[],"meta":{},"tags":[]}],"startTime":1777296253433,"endTime":1777296270257.813,"status":"passed","message":"","name":"C:/typecad/typecode/tests/bus-ownership.test.ts"},{"assertionResults":[{"ancestorTitles":["Class Transpilation","Basic Class Structure"],"fullName":"Class Transpilation Basic Class Structure transpiles empty class","status":"passed","title":"transpiles empty class","duration":32.80670000000009,"failureMessages":[],"meta":{},"tags":[]},{"ancestorTitles":["Class Transpilation","Basic Class Structure"],"fullName":"Class Transpilation Basic Class Structure transpiles class with public fields","status":"passed","title":"transpiles class with public fields","duration":15.798800000000028,"failureMessages":[],"meta":{},"tags":[]},{"ancestorTitles":["Class Transpilation","Basic Class Structure"],"fullName":"Class Transpilation Basic Class Structure transpiles class with field initializers","status":"passed","title":"transpiles class with field initializers","duration":13.917599999999993,"failureMessages":[],"meta":{},"tags":[]},{"ancestorTitles":["Class Transpilation","Basic Class Structure"],"fullName":"Class Transpilation Basic Class Structure transpiles class with private fields","status":"passed","title":"transpiles class with private fields","duration":8.372100000000046,"failureMessages":[],"meta":{},"tags":[]},{"ancestorTitles":["Class Transpilation","Basic Class Structure"],"fullName":"Class Transpilation Basic Class Structure transpiles class with protected fields","status":"passed","title":"transpiles class with protected fields","duration":6.789999999999964,"failureMessages":[],"meta":{},"tags":[]},{"ancestorTitles":["Class Transpilation","Basic Class Structure"],"fullName":"Class Transpilation Basic Class Structure transpiles class with mixed visibility fields","status":"passed","title":"transpiles class with mixed visibility fields","duration":5.322599999999966,"failureMessages":[],"meta":{},"tags":[]},{"ancestorTitles":["Class Transpilation","Class Methods"],"fullName":"Class Transpilation Class Methods transpiles class with public method","status":"passed","title":"transpiles class with public method","duration":20.789399999999887,"failureMessages":[],"meta":{},"tags":[]},{"ancestorTitles":["Class Transpilation","Class Methods"],"fullName":"Class Transpilation Class Methods transpiles class with method returning value","status":"passed","title":"transpiles class with method returning value","duration":14.332400000000007,"failureMessages":[],"meta":{},"tags":[]},{"ancestorTitles":["Class Transpilation","Class Methods"],"fullName":"Class Transpilation Class Methods transpiles class with private method","status":"passed","title":"transpiles class with private method","duration":7.403999999999996,"failureMessages":[],"meta":{},"tags":[]},{"ancestorTitles":["Class Transpilation","Class Methods"],"fullName":"Class Transpilation Class Methods transpiles class with static method","status":"passed","title":"transpiles class with static method","duration":9.719100000000026,"failureMessages":[],"meta":{},"tags":[]},{"ancestorTitles":["Class Transpilation","Class Methods"],"fullName":"Class Transpilation Class Methods transpiles class with multiple methods","status":"passed","title":"transpiles class with multiple methods","duration":7.75890000000004,"failureMessages":[],"meta":{},"tags":[]},{"ancestorTitles":["Class Transpilation","Constructors"],"fullName":"Class Transpilation Constructors transpiles class with constructor","status":"passed","title":"transpiles class with constructor","duration":14.633100000000013,"failureMessages":[],"meta":{},"tags":[]},{"ancestorTitles":["Class Transpilation","Constructors"],"fullName":"Class Transpilation Constructors transpiles constructor with default parameter","status":"passed","title":"transpiles constructor with default parameter","duration":9.31510000000003,"failureMessages":[],"meta":{},"tags":[]},{"ancestorTitles":["Class Transpilation","Complex Classes"],"fullName":"Class Transpilation Complex Classes transpiles class with fields and methods","status":"passed","title":"transpiles class with fields and methods","duration":28.311300000000074,"failureMessages":[],"meta":{},"tags":[]},{"ancestorTitles":["Class Transpilation","Complex Classes"],"fullName":"Class Transpilation Complex Classes transpiles class with various field types","status":"passed","title":"transpiles class with various field types","duration":34.65480000000025,"failureMessages":[],"meta":{},"tags":[]}],"startTime":1777296269110,"endTime":1777296269342.6548,"status":"passed","message":"","name":"C:/typecad/typecode/tests/classes.test.ts"},{"assertionResults":[{"ancestorTitles":["Control Flow Transpilation","If Statements"],"fullName":"Control Flow Transpilation If Statements transpiles simple if statement","status":"passed","title":"transpiles simple if statement","duration":45.60410000000002,"failureMessages":[],"meta":{},"tags":[]},{"ancestorTitles":["Control Flow Transpilation","If Statements"],"fullName":"Control Flow Transpilation If Statements transpiles if-else statement","status":"passed","title":"transpiles if-else statement","duration":17.914099999999962,"failureMessages":[],"meta":{},"tags":[]},{"ancestorTitles":["Control Flow Transpilation","If Statements"],"fullName":"Control Flow Transpilation If Statements transpiles if-else if-else chain","status":"passed","title":"transpiles if-else if-else chain","duration":12.634100000000217,"failureMessages":[],"meta":{},"tags":[]},{"ancestorTitles":["Control Flow Transpilation","If Statements"],"fullName":"Control Flow Transpilation If Statements transpiles nested if statements","status":"passed","title":"transpiles nested if statements","duration":9.241399999999885,"failureMessages":[],"meta":{},"tags":[]},{"ancestorTitles":["Control Flow Transpilation","If Statements"],"fullName":"Control Flow Transpilation If Statements transpiles if with boolean variable condition","status":"passed","title":"transpiles if with boolean variable condition","duration":52.31950000000006,"failureMessages":[],"meta":{},"tags":[]},{"ancestorTitles":["Control Flow Transpilation","If Statements"],"fullName":"Control Flow Transpilation If Statements transpiles if with complex condition","status":"passed","title":"transpiles if with complex condition","duration":9.050300000000334,"failureMessages":[],"meta":{},"tags":[]},{"ancestorTitles":["Control Flow Transpilation","If Statements"],"fullName":"Control Flow Transpilation If Statements transpiles if with negated condition","status":"passed","title":"transpiles if with negated condition","duration":18.125299999999697,"failureMessages":[],"meta":{},"tags":[]},{"ancestorTitles":["Control Flow Transpilation","While Loops"],"fullName":"Control Flow Transpilation While Loops transpiles simple while loop","status":"passed","title":"transpiles simple while loop","duration":11.703799999999774,"failureMessages":[],"meta":{},"tags":[]},{"ancestorTitles":["Control Flow Transpilation","While Loops"],"fullName":"Control Flow Transpilation While Loops transpiles while loop with break","status":"passed","title":"transpiles while loop with break","duration":11.1558,"failureMessages":[],"meta":{},"tags":[]},{"ancestorTitles":["Control Flow Transpilation","While Loops"],"fullName":"Control Flow Transpilation While Loops transpiles while loop with continue","status":"passed","title":"transpiles while loop with continue","duration":24.315799999999854,"failureMessages":[],"meta":{},"tags":[]},{"ancestorTitles":["Control Flow Transpilation","While Loops"],"fullName":"Control Flow Transpilation While Loops transpiles nested while loops","status":"passed","title":"transpiles nested while loops","duration":70.23180000000002,"failureMessages":[],"meta":{},"tags":[]},{"ancestorTitles":["Control Flow Transpilation","While Loops"],"fullName":"Control Flow Transpilation While Loops transpiles while with variable condition","status":"passed","title":"transpiles while with variable condition","duration":24.521600000000035,"failureMessages":[],"meta":{},"tags":[]},{"ancestorTitles":["Control Flow Transpilation","Do-While Loops"],"fullName":"Control Flow Transpilation Do-While Loops transpiles simple do-while loop","status":"passed","title":"transpiles simple do-while loop","duration":234.41949999999997,"failureMessages":[],"meta":{},"tags":[]},{"ancestorTitles":["Control Flow Transpilation","Do-While Loops"],"fullName":"Control Flow Transpilation Do-While Loops transpiles do-while with variable condition","status":"failed","title":"transpiles do-while with variable condition","duration":24.226100000000315,"failureMessages":["AssertionError: expected '\\nvoid test();\\n\\nvoid test()\\n{\\n  i…' to contain 'while (x < max)'\n    at C:/typecad/typecode/tests/control-flow.test.ts:212:26\n    at file:///C:/typecad/typecode/node_modules/@vitest/runner/dist/chunk-artifact.js:302:11\n    at file:///C:/typecad/typecode/node_modules/@vitest/runner/dist/chunk-artifact.js:1903:26\n    at file:///C:/typecad/typecode/node_modules/@vitest/runner/dist/chunk-artifact.js:2326:20\n    at new Promise (<anonymous>)\n    at runWithCancel (file:///C:/typecad/typecode/node_modules/@vitest/runner/dist/chunk-artifact.js:2323:10)\n    at file:///C:/typecad/typecode/node_modules/@vitest/runner/dist/chunk-artifact.js:2305:20\n    at new Promise (<anonymous>)\n    at runWithTimeout (file:///C:/typecad/typecode/node_modules/@vitest/runner/dist/chunk-artifact.js:2272:10)\n    at file:///C:/typecad/typecode/node_modules/@vitest/runner/dist/chunk-artifact.js:2955:64"],"meta":{},"tags":[]},{"ancestorTitles":["Control Flow Transpilation","Do-While Loops"],"fullName":"Control Flow Transpilation Do-While Loops transpiles do-while with break","status":"passed","title":"transpiles do-while with break","duration":15.314499999999953,"failureMessages":[],"meta":{},"tags":[]},{"ancestorTitles":["Control Flow Transpilation","For Loops"],"fullName":"Control Flow Transpilation For Loops transpiles standard for loop","status":"passed","title":"transpiles standard for loop","duration":12.331900000000132,"failureMessages":[],"meta":{},"tags":[]},{"ancestorTitles":["Control Flow Transpilation","For Loops"],"fullName":"Control Flow Transpilation For Loops transpiles for loop with const variable","status":"passed","title":"transpiles for loop with const variable","duration":29.467499999999745,"failureMessages":[],"meta":{},"tags":[]},{"ancestorTitles":["Control Flow Transpilation","For Loops"],"fullName":"Control Flow Transpilation For Loops transpiles for loop with multiple statements","status":"passed","title":"transpiles for loop with multiple statements","duration":13.71120000000019,"failureMessages":[],"meta":{},"tags":[]},{"ancestorTitles":["Control Flow Transpilation","For Loops"],"fullName":"Control Flow Transpilation For Loops transpiles infinite for loop","status":"passed","title":"transpiles infinite for loop","duration":17.27390000000014,"failureMessages":[],"meta":{},"tags":[]},{"ancestorTitles":["Control Flow Transpilation","For Loops"],"fullName":"Control Flow Transpilation For Loops transpiles for loop with decrement","status":"passed","title":"transpiles for loop with decrement","duration":26.43439999999964,"failureMessages":[],"meta":{},"tags":[]},{"ancestorTitles":["Control Flow Transpilation","For Loops"],"fullName":"Control Flow Transpilation For Loops transpiles for loop with variable limit","status":"passed","title":"transpiles for loop with variable limit","duration":9.698999999999614,"failureMessages":[],"meta":{},"tags":[]},{"ancestorTitles":["Control Flow Transpilation","For-Of Loops"],"fullName":"Control Flow Transpilation For-Of Loops transpiles for-of with array","status":"passed","title":"transpiles for-of with array","duration":12.56979999999976,"failureMessages":[],"meta":{},"tags":[]},{"ancestorTitles":["Control Flow Transpilation","For-Of Loops"],"fullName":"Control Flow Transpilation For-Of Loops transpiles for-of with let","status":"passed","title":"transpiles for-of with let","duration":10.7507999999998,"failureMessages":[],"meta":{},"tags":[]},{"ancestorTitles":["Control Flow Transpilation","For-Of Loops"],"fullName":"Control Flow Transpilation For-Of Loops transpiles nested for-of loops","status":"passed","title":"transpiles nested for-of loops","duration":17.30699999999979,"failureMessages":[],"meta":{},"tags":[]},{"ancestorTitles":["Control Flow Transpilation","For-In Loops"],"fullName":"Control Flow Transpilation For-In Loops transpiles for-in loop","status":"passed","title":"transpiles for-in loop","duration":18.477800000000116,"failureMessages":[],"meta":{},"tags":[]},{"ancestorTitles":["Control Flow Transpilation","Switch Statements"],"fullName":"Control Flow Transpilation Switch Statements transpiles switch with cases","status":"passed","title":"transpiles switch with cases","duration":10.072900000000118,"failureMessages":[],"meta":{},"tags":[]},{"ancestorTitles":["Control Flow Transpilation","Switch Statements"],"fullName":"Control Flow Transpilation Switch Statements transpiles switch without default","status":"passed","title":"transpiles switch without default","duration":13.016000000000076,"failureMessages":[],"meta":{},"tags":[]},{"ancestorTitles":["Control Flow Transpilation","Switch Statements"],"fullName":"Control Flow Transpilation Switch Statements transpiles switch with multiple statements per case","status":"passed","title":"transpiles switch with multiple statements per case","duration":80.33699999999953,"failureMessages":[],"meta":{},"tags":[]},{"ancestorTitles":["Control Flow Transpilation","Switch Statements"],"fullName":"Control Flow Transpilation Switch Statements transpiles switch with variable in case expression","status":"passed","title":"transpiles switch with variable in case expression","duration":18.02310000000034,"failureMessages":[],"meta":{},"tags":[]},{"ancestorTitles":["Control Flow Transpilation","Switch Statements"],"fullName":"Control Flow Transpilation Switch Statements transpiles nested switch","status":"passed","title":"transpiles nested switch","duration":8.25709999999981,"failureMessages":[],"meta":{},"tags":[]},{"ancestorTitles":["Control Flow Transpilation","Complex Control Flow"],"fullName":"Control Flow Transpilation Complex Control Flow transpiles nested loops with conditions","status":"passed","title":"transpiles nested loops with conditions","duration":13.273200000000543,"failureMessages":[],"meta":{},"tags":[]},{"ancestorTitles":["Control Flow Transpilation","Complex Control Flow"],"fullName":"Control Flow Transpilation Complex Control Flow transpiles labeled break in nested loops","status":"passed","title":"transpiles labeled break in nested loops","duration":71.23800000000028,"failureMessages":[],"meta":{},"tags":[]},{"ancestorTitles":["Control Flow Transpilation","Complex Control Flow"],"fullName":"Control Flow Transpilation Complex Control Flow transpiles while with switch inside","status":"passed","title":"transpiles while with switch inside","duration":21.908300000000054,"failureMessages":[],"meta":{},"tags":[]},{"ancestorTitles":["Control Flow Transpilation","Complex Control Flow"],"fullName":"Control Flow Transpilation Complex Control Flow transpiles for loop inside if statement","status":"passed","title":"transpiles for loop inside if statement","duration":12.741300000000592,"failureMessages":[],"meta":{},"tags":[]}],"startTime":1777296253435,"endTime":1777296254444.7412,"status":"failed","message":"","name":"C:/typecad/typecode/tests/control-flow.test.ts"},{"assertionResults":[{"ancestorTitles":["Enum Transpilation","Basic Enums"],"fullName":"Enum Transpilation Basic Enums transpiles simple enum","status":"passed","title":"transpiles simple enum","duration":41.717499999999745,"failureMessages":[],"meta":{},"tags":[]},{"ancestorTitles":["Enum Transpilation","Basic Enums"],"fullName":"Enum Transpilation Basic Enums transpiles enum with explicit values","status":"passed","title":"transpiles enum with explicit values","duration":6.7072000000002845,"failureMessages":[],"meta":{},"tags":[]},{"ancestorTitles":["Enum Transpilation","Basic Enums"],"fullName":"Enum Transpilation Basic Enums transpiles const enum","status":"passed","title":"transpiles const enum","duration":6.660199999999804,"failureMessages":[],"meta":{},"tags":[]},{"ancestorTitles":["Enum Transpilation","Basic Enums"],"fullName":"Enum Transpilation Basic Enums transpiles enum with mixed explicit and implicit values","status":"passed","title":"transpiles enum with mixed explicit and implicit values","duration":43.12890000000016,"failureMessages":[],"meta":{},"tags":[]},{"ancestorTitles":["Enum Transpilation","Enum Usage"],"fullName":"Enum Transpilation Enum Usage transpiles enum used in function","status":"passed","title":"transpiles enum used in function","duration":25.247299999999996,"failureMessages":[],"meta":{},"tags":[]}],"startTime":1777296270220,"endTime":1777296270348.2473,"status":"passed","message":"","name":"C:/typecad/typecode/tests/enums.test.ts"},{"assertionResults":[{"ancestorTitles":["Expression Transpilation","Number Literals"],"fullName":"Expression Transpilation Number Literals transpiles integer literals","status":"passed","title":"transpiles integer literals","duration":66.71179999999981,"failureMessages":[],"meta":{},"tags":[]},{"ancestorTitles":["Expression Transpilation","Number Literals"],"fullName":"Expression Transpilation Number Literals transpiles negative integers","status":"passed","title":"transpiles negative integers","duration":9.185399999999845,"failureMessages":[],"meta":{},"tags":[]},{"ancestorTitles":["Expression Transpilation","Number Literals"],"fullName":"Expression Transpilation Number Literals transpiles floating point numbers","status":"passed","title":"transpiles floating point numbers","duration":19.398599999999988,"failureMessages":[],"meta":{},"tags":[]},{"ancestorTitles":["Expression Transpilation","Number Literals"],"fullName":"Expression Transpilation Number Literals transpiles negative floats","status":"passed","title":"transpiles negative floats","duration":16.18139999999994,"failureMessages":[],"meta":{},"tags":[]},{"ancestorTitles":["Expression Transpilation","Number Literals"],"fullName":"Expression Transpilation Number Literals transpiles number used in expression","status":"passed","title":"transpiles number used in expression","duration":14.35629999999992,"failureMessages":[],"meta":{},"tags":[]},{"ancestorTitles":["Expression Transpilation","Number Literals"],"fullName":"Expression Transpilation Number Literals transpiles number passed as argument","status":"passed","title":"transpiles number passed as argument","duration":14.611699999999928,"failureMessages":[],"meta":{},"tags":[]},{"ancestorTitles":["Expression Transpilation","String Literals"],"fullName":"Expression Transpilation String Literals transpiles simple string literals","status":"passed","title":"transpiles simple string literals","duration":15.695600000000013,"failureMessages":[],"meta":{},"tags":[]},{"ancestorTitles":["Expression Transpilation","String Literals"],"fullName":"Expression Transpilation String Literals transpiles string with escaped quotes","status":"passed","title":"transpiles string with escaped quotes","duration":8.530899999999974,"failureMessages":[],"meta":{},"tags":[]},{"ancestorTitles":["Expression Transpilation","String Literals"],"fullName":"Expression Transpilation String Literals transpiles empty string","status":"passed","title":"transpiles empty string","duration":11.5308,"failureMessages":[],"meta":{},"tags":[]},{"ancestorTitles":["Expression Transpilation","String Literals"],"fullName":"Expression Transpilation String Literals transpiles string in variable assignment","status":"passed","title":"transpiles string in variable assignment","duration":25.46289999999999,"failureMessages":[],"meta":{},"tags":[]},{"ancestorTitles":["Expression Transpilation","String Literals"],"fullName":"Expression Transpilation String Literals uses snprintf for Arduino template literals","status":"passed","title":"uses snprintf for Arduino template literals","duration":16.669200000000046,"failureMessages":[],"meta":{},"tags":[]},{"ancestorTitles":["Expression Transpilation","String Literals"],"fullName":"Expression Transpilation String Literals uses snprintf for string concat as function argument","status":"passed","title":"uses snprintf for string concat as function argument","duration":23.279199999999946,"failureMessages":[],"meta":{},"tags":[]},{"ancestorTitles":["Expression Transpilation","String Literals"],"fullName":"Expression Transpilation String Literals uses snprintf for string concat in return statement","status":"passed","title":"uses snprintf for string concat in return statement","duration":11.772600000000011,"failureMessages":[],"meta":{},"tags":[]},{"ancestorTitles":["Expression Transpilation","String Literals"],"fullName":"Expression Transpilation String Literals uses snprintf for multiple string concats in same function","status":"passed","title":"uses snprintf for multiple string concats in same function","duration":14.35590000000002,"failureMessages":[],"meta":{},"tags":[]},{"ancestorTitles":["Expression Transpilation","String Literals"],"fullName":"Expression Transpilation String Literals keeps std::string for generic target","status":"passed","title":"keeps std::string for generic target","duration":13.465200000000095,"failureMessages":[],"meta":{},"tags":[]},{"ancestorTitles":["Expression Transpilation","String Literals"],"fullName":"Expression Transpilation String Literals uses snprintf for template literal with typecode-call expression (D3.read())","status":"passed","title":"uses snprintf for template literal with typecode-call expression (D3.read())","duration":2473.2504,"failureMessages":[],"meta":{},"tags":[]},{"ancestorTitles":["Expression Transpilation","Binary String Concatenation"],"fullName":"Expression Transpilation Binary String Concatenation uses snprintf for string literal + int variable on Arduino","status":"passed","title":"uses snprintf for string literal + int variable on Arduino","duration":17.332000000000335,"failureMessages":[],"meta":{},"tags":[]},{"ancestorTitles":["Expression Transpilation","Binary String Concatenation"],"fullName":"Expression Transpilation Binary String Concatenation uses snprintf with dtostrf for string literal + float variable on Arduino","status":"passed","title":"uses snprintf with dtostrf for string literal + float variable on Arduino","duration":20.517399999999725,"failureMessages":[],"meta":{},"tags":[]},{"ancestorTitles":["Expression Transpilation","Binary String Concatenation"],"fullName":"Expression Transpilation Binary String Concatenation uses snprintf for string var + string var concat on Arduino","status":"passed","title":"uses snprintf for string var + string var concat on Arduino","duration":14.141200000000026,"failureMessages":[],"meta":{},"tags":[]},{"ancestorTitles":["Expression Transpilation","Binary String Concatenation"],"fullName":"Expression Transpilation Binary String Concatenation does not use snprintf for string literal + int on generic target","status":"passed","title":"does not use snprintf for string literal + int on generic target","duration":10.648400000000038,"failureMessages":[],"meta":{},"tags":[]},{"ancestorTitles":["Expression Transpilation","Boolean Literals"],"fullName":"Expression Transpilation Boolean Literals transpiles true literal","status":"passed","title":"transpiles true literal","duration":10.528200000000652,"failureMessages":[],"meta":{},"tags":[]},{"ancestorTitles":["Expression Transpilation","Boolean Literals"],"fullName":"Expression Transpilation Boolean Literals transpiles false literal","status":"passed","title":"transpiles false literal","duration":12.364300000000185,"failureMessages":[],"meta":{},"tags":[]},{"ancestorTitles":["Expression Transpilation","Boolean Literals"],"fullName":"Expression Transpilation Boolean Literals transpiles boolean in expression context","status":"passed","title":"transpiles boolean in expression context","duration":11.305600000000595,"failureMessages":[],"meta":{},"tags":[]},{"ancestorTitles":["Expression Transpilation","Identifiers"],"fullName":"Expression Transpilation Identifiers transpiles identifier references","status":"passed","title":"transpiles identifier references","duration":8.182099999999991,"failureMessages":[],"meta":{},"tags":[]},{"ancestorTitles":["Expression Transpilation","Identifiers"],"fullName":"Expression Transpilation Identifiers transpiles identifiers in expressions","status":"passed","title":"transpiles identifiers in expressions","duration":15.250099999999293,"failureMessages":[],"meta":{},"tags":[]},{"ancestorTitles":["Expression Transpilation","Identifiers"],"fullName":"Expression Transpilation Identifiers transpiles function call as expression","status":"passed","title":"transpiles function call as expression","duration":13.497699999999895,"failureMessages":[],"meta":{},"tags":[]},{"ancestorTitles":["Expression Transpilation","Ternary Expressions"],"fullName":"Expression Transpilation Ternary Expressions transpiles simple ternary expression","status":"passed","title":"transpiles simple ternary expression","duration":14.645199999999932,"failureMessages":[],"meta":{},"tags":[]},{"ancestorTitles":["Expression Transpilation","Ternary Expressions"],"fullName":"Expression Transpilation Ternary Expressions transpiles ternary with variable operands","status":"passed","title":"transpiles ternary with variable operands","duration":11.360599999999977,"failureMessages":[],"meta":{},"tags":[]},{"ancestorTitles":["Expression Transpilation","Ternary Expressions"],"fullName":"Expression Transpilation Ternary Expressions transpiles nested ternary expressions","status":"passed","title":"transpiles nested ternary expressions","duration":10.38760000000002,"failureMessages":[],"meta":{},"tags":[]},{"ancestorTitles":["Expression Transpilation","Ternary Expressions"],"fullName":"Expression Transpilation Ternary Expressions transpiles ternary in return statement","status":"passed","title":"transpiles ternary in return statement","duration":8.363599999999678,"failureMessages":[],"meta":{},"tags":[]},{"ancestorTitles":["Expression Transpilation","Array Literals"],"fullName":"Expression Transpilation Array Literals transpiles empty array","status":"passed","title":"transpiles empty array","duration":6.454200000000128,"failureMessages":[],"meta":{},"tags":[]},{"ancestorTitles":["Expression Transpilation","Array Literals"],"fullName":"Expression Transpilation Array Literals transpiles array with number elements","status":"passed","title":"transpiles array with number elements","duration":12.53819999999996,"failureMessages":[],"meta":{},"tags":[]},{"ancestorTitles":["Expression Transpilation","Array Literals"],"fullName":"Expression Transpilation Array Literals transpiles array with variable elements","status":"passed","title":"transpiles array with variable elements","duration":16.257399999999507,"failureMessages":[],"meta":{},"tags":[]},{"ancestorTitles":["Expression Transpilation","Array Literals"],"fullName":"Expression Transpilation Array Literals transpiles array with mixed literals and variables","status":"passed","title":"transpiles array with mixed literals and variables","duration":16.10240000000067,"failureMessages":[],"meta":{},"tags":[]},{"ancestorTitles":["Expression Transpilation","Array Literals"],"fullName":"Expression Transpilation Array Literals emits vector stream helper when logging arrays","status":"passed","title":"emits vector stream helper when logging arrays","duration":16.24919999999929,"failureMessages":[],"meta":{},"tags":[]},{"ancestorTitles":["Expression Transpilation","Object Literals"],"fullName":"Expression Transpilation Object Literals transpiles simple object literal","status":"passed","title":"transpiles simple object literal","duration":18.524899999999434,"failureMessages":[],"meta":{},"tags":[]},{"ancestorTitles":["Expression Transpilation","Object Literals"],"fullName":"Expression Transpilation Object Literals transpiles object with various field types","status":"passed","title":"transpiles object with various field types","duration":9.179199999999582,"failureMessages":[],"meta":{},"tags":[]},{"ancestorTitles":["Expression Transpilation","Object Literals"],"fullName":"Expression Transpilation Object Literals transpiles object with variable field values","status":"passed","title":"transpiles object with variable field values","duration":10.887700000000223,"failureMessages":[],"meta":{},"tags":[]},{"ancestorTitles":["Expression Transpilation","Binary Expressions"],"fullName":"Expression Transpilation Binary Expressions transpiles addition","status":"passed","title":"transpiles addition","duration":62.04910000000018,"failureMessages":[],"meta":{},"tags":[]},{"ancestorTitles":["Expression Transpilation","Binary Expressions"],"fullName":"Expression Transpilation Binary Expressions transpiles subtraction","status":"passed","title":"transpiles subtraction","duration":42.39130000000023,"failureMessages":[],"meta":{},"tags":[]},{"ancestorTitles":["Expression Transpilation","Binary Expressions"],"fullName":"Expression Transpilation Binary Expressions transpiles multiplication","status":"passed","title":"transpiles multiplication","duration":18.342099999999846,"failureMessages":[],"meta":{},"tags":[]},{"ancestorTitles":["Expression Transpilation","Binary Expressions"],"fullName":"Expression Transpilation Binary Expressions transpiles division","status":"passed","title":"transpiles division","duration":7.417999999999665,"failureMessages":[],"meta":{},"tags":[]},{"ancestorTitles":["Expression Transpilation","Binary Expressions"],"fullName":"Expression Transpilation Binary Expressions transpiles modulo","status":"passed","title":"transpiles modulo","duration":5.755500000000211,"failureMessages":[],"meta":{},"tags":[]},{"ancestorTitles":["Expression Transpilation","Binary Expressions"],"fullName":"Expression Transpilation Binary Expressions transpiles comparison operators","status":"passed","title":"transpiles comparison operators","duration":25.060300000000097,"failureMessages":[],"meta":{},"tags":[]},{"ancestorTitles":["Expression Transpilation","Binary Expressions"],"fullName":"Expression Transpilation Binary Expressions transpiles logical operators","status":"passed","title":"transpiles logical operators","duration":10.98700000000008,"failureMessages":[],"meta":{},"tags":[]},{"ancestorTitles":["Expression Transpilation","Binary Expressions"],"fullName":"Expression Transpilation Binary Expressions transpiles bitwise operators","status":"passed","title":"transpiles bitwise operators","duration":21.28939999999966,"failureMessages":[],"meta":{},"tags":[]},{"ancestorTitles":["inferSnprintfArg property-access"],"fullName":"inferSnprintfArg property-access uses %s format when rendered value is a C++ string literal (board string constant)","status":"passed","title":"uses %s format when rendered value is a C++ string literal (board string constant)","duration":1.025300000000243,"failureMessages":[],"meta":{},"tags":[]},{"ancestorTitles":["inferSnprintfArg property-access"],"fullName":"inferSnprintfArg property-access uses %ld format when rendered value exceeds AVR int16 max (e.g. flash = 32768)","status":"passed","title":"uses %ld format when rendered value exceeds AVR int16 max (e.g. flash = 32768)","duration":0.8611000000000786,"failureMessages":[],"meta":{},"tags":[]},{"ancestorTitles":["inferSnprintfArg property-access"],"fullName":"inferSnprintfArg property-access uses %ld format when rendered value is below AVR int16 min (e.g. -32769)","status":"passed","title":"uses %ld format when rendered value is below AVR int16 min (e.g. -32769)","duration":0.6877000000004045,"failureMessages":[],"meta":{},"tags":[]},{"ancestorTitles":["inferSnprintfArg property-access"],"fullName":"inferSnprintfArg property-access uses %d format for values that fit in AVR int16 (e.g. clockSpeed / 1000 = 16)","status":"passed","title":"uses %d format for values that fit in AVR int16 (e.g. clockSpeed / 1000 = 16)","duration":0.9346999999997934,"failureMessages":[],"meta":{},"tags":[]},{"ancestorTitles":["inferSnprintfArg property-access"],"fullName":"inferSnprintfArg property-access uses %d format for zero","status":"passed","title":"uses %d format for zero","duration":0.619699999999284,"failureMessages":[],"meta":{},"tags":[]},{"ancestorTitles":["inferSnprintfArg property-access"],"fullName":"inferSnprintfArg property-access uses %d format for AVR int16 boundary value 32767","status":"passed","title":"uses %d format for AVR int16 boundary value 32767","duration":0.6548000000002503,"failureMessages":[],"meta":{},"tags":[]}],"startTime":1777296265519,"endTime":1777296268762.6548,"status":"passed","message":"","name":"C:/typecad/typecode/tests/expressions.test.ts"},{"assertionResults":[{"ancestorTitles":["Function Transpilation","Function Declarations"],"fullName":"Function Transpilation Function Declarations transpiles void function","status":"passed","title":"transpiles void function","duration":51.59619999999995,"failureMessages":[],"meta":{},"tags":[]},{"ancestorTitles":["Function Transpilation","Function Declarations"],"fullName":"Function Transpilation Function Declarations transpiles function returning int","status":"passed","title":"transpiles function returning int","duration":11.303499999999985,"failureMessages":[],"meta":{},"tags":[]},{"ancestorTitles":["Function Transpilation","Function Declarations"],"fullName":"Function Transpilation Function Declarations transpiles function returning float","status":"passed","title":"transpiles function returning float","duration":7.2146000000000186,"failureMessages":[],"meta":{},"tags":[]},{"ancestorTitles":["Function Transpilation","Function Declarations"],"fullName":"Function Transpilation Function Declarations transpiles function returning bool","status":"passed","title":"transpiles function returning bool","duration":12.391399999999976,"failureMessages":[],"meta":{},"tags":[]},{"ancestorTitles":["Function Transpilation","Function Declarations"],"fullName":"Function Transpilation Function Declarations transpiles empty function body","status":"passed","title":"transpiles empty function body","duration":6.669900000000098,"failureMessages":[],"meta":{},"tags":[]},{"ancestorTitles":["Function Transpilation","Parameters"],"fullName":"Function Transpilation Parameters transpiles function with single parameter","status":"passed","title":"transpiles function with single parameter","duration":13.059799999999996,"failureMessages":[],"meta":{},"tags":[]},{"ancestorTitles":["Function Transpilation","Parameters"],"fullName":"Function Transpilation Parameters transpiles function with multiple parameters","status":"passed","title":"transpiles function with multiple parameters","duration":30.357999999999947,"failureMessages":[],"meta":{},"tags":[]},{"ancestorTitles":["Function Transpilation","Parameters"],"fullName":"Function Transpilation Parameters transpiles function with float parameter","status":"passed","title":"transpiles function with float parameter","duration":8.16879999999992,"failureMessages":[],"meta":{},"tags":[]},{"ancestorTitles":["Function Transpilation","Parameters"],"fullName":"Function Transpilation Parameters transpiles function with bool parameter","status":"passed","title":"transpiles function with bool parameter","duration":11.017700000000104,"failureMessages":[],"meta":{},"tags":[]},{"ancestorTitles":["Function Transpilation","Parameters"],"fullName":"Function Transpilation Parameters transpiles function with mixed parameter types","status":"passed","title":"transpiles function with mixed parameter types","duration":9.695999999999913,"failureMessages":[],"meta":{},"tags":[]},{"ancestorTitles":["Function Transpilation","Parameters"],"fullName":"Function Transpilation Parameters transpiles function with parameter default value (literal)","status":"passed","title":"transpiles function with parameter default value (literal)","duration":21.035100000000057,"failureMessages":[],"meta":{},"tags":[]},{"ancestorTitles":["Function Transpilation","Function Calls"],"fullName":"Function Transpilation Function Calls transpiles function call with no arguments","status":"passed","title":"transpiles function call with no arguments","duration":8.972299999999905,"failureMessages":[],"meta":{},"tags":[]},{"ancestorTitles":["Function Transpilation","Function Calls"],"fullName":"Function Transpilation Function Calls transpiles function call with literal arguments","status":"passed","title":"transpiles function call with literal arguments","duration":13.448700000000372,"failureMessages":[],"meta":{},"tags":[]},{"ancestorTitles":["Function Transpilation","Function Calls"],"fullName":"Function Transpilation Function Calls transpiles function call with variable arguments","status":"passed","title":"transpiles function call with variable arguments","duration":16.968500000000404,"failureMessages":[],"meta":{},"tags":[]},{"ancestorTitles":["Function Transpilation","Function Calls"],"fullName":"Function Transpilation Function Calls transpiles function call with expression arguments","status":"passed","title":"transpiles function call with expression arguments","duration":24.138800000000174,"failureMessages":[],"meta":{},"tags":[]},{"ancestorTitles":["Function Transpilation","Function Calls"],"fullName":"Function Transpilation Function Calls transpiles nested function calls","status":"passed","title":"transpiles nested function calls","duration":10.372899999999845,"failureMessages":[],"meta":{},"tags":[]},{"ancestorTitles":["Function Transpilation","Function Calls"],"fullName":"Function Transpilation Function Calls transpiles function call in expression","status":"passed","title":"transpiles function call in expression","duration":12.81899999999996,"failureMessages":[],"meta":{},"tags":[]},{"ancestorTitles":["Function Transpilation","Function Calls"],"fullName":"Function Transpilation Function Calls transpiles function call in condition","status":"passed","title":"transpiles function call in condition","duration":9.328199999999924,"failureMessages":[],"meta":{},"tags":[]},{"ancestorTitles":["Function Transpilation","Async/Await Lowering"],"fullName":"Function Transpilation Async/Await Lowering lowers awaited return expression without raw expression warning","status":"passed","title":"lowers awaited return expression without raw expression warning","duration":20.85709999999972,"failureMessages":[],"meta":{},"tags":[]},{"ancestorTitles":["Function Transpilation","Async/Await Lowering"],"fullName":"Function Transpilation Async/Await Lowering lowers awaited call expression statements to call statements","status":"passed","title":"lowers awaited call expression statements to call statements","duration":17.055599999999686,"failureMessages":[],"meta":{},"tags":[]},{"ancestorTitles":["Function Transpilation","Async/Await Lowering"],"fullName":"Function Transpilation Async/Await Lowering lowers awaited initializer expressions","status":"passed","title":"lowers awaited initializer expressions","duration":17.055499999999938,"failureMessages":[],"meta":{},"tags":[]},{"ancestorTitles":["Function Transpilation","Multiple Representations"],"fullName":"Function Transpilation Multiple Representations transpiles same logic with inline vs variable args","status":"passed","title":"transpiles same logic with inline vs variable args","duration":28.99429999999984,"failureMessages":[],"meta":{},"tags":[]},{"ancestorTitles":["Function Transpilation","Multiple Representations"],"fullName":"Function Transpilation Multiple Representations transpiles same logic with expression vs precomputed","status":"passed","title":"transpiles same logic with expression vs precomputed","duration":25.39969999999994,"failureMessages":[],"meta":{},"tags":[]},{"ancestorTitles":["Function Transpilation","Multiple Representations"],"fullName":"Function Transpilation Multiple Representations transpiles function with static number vs variable return","status":"passed","title":"transpiles function with static number vs variable return","duration":33.99400000000014,"failureMessages":[],"meta":{},"tags":[]},{"ancestorTitles":["Function Transpilation","Recursion"],"fullName":"Function Transpilation Recursion transpiles recursive function","status":"passed","title":"transpiles recursive function","duration":9.285499999999956,"failureMessages":[],"meta":{},"tags":[]},{"ancestorTitles":["Function Transpilation","Recursion"],"fullName":"Function Transpilation Recursion transpiles recursive function with variable","status":"passed","title":"transpiles recursive function with variable","duration":8.198100000000068,"failureMessages":[],"meta":{},"tags":[]},{"ancestorTitles":["Function Transpilation","Function Declarations at Various Scopes"],"fullName":"Function Transpilation Function Declarations at Various Scopes transpiles multiple function declarations","status":"passed","title":"transpiles multiple function declarations","duration":12.001299999999901,"failureMessages":[],"meta":{},"tags":[]}],"startTime":1777296267223,"endTime":1777296267679.0012,"status":"passed","message":"","name":"C:/typecad/typecode/tests/functions.test.ts"},{"assertionResults":[{"ancestorTitles":["GPIO Object-Creation Pattern","asOutput()"],"fullName":"GPIO Object-Creation Pattern asOutput() emits pinMode OUTPUT for LED.asOutput()","status":"passed","title":"emits pinMode OUTPUT for LED.asOutput()","duration":2733.1214,"failureMessages":[],"meta":{},"tags":[]},{"ancestorTitles":["GPIO Object-Creation Pattern","asOutput()"],"fullName":"GPIO Object-Creation Pattern asOutput() emits pinMode + digitalWrite for LED.asOutput(true)","status":"passed","title":"emits pinMode + digitalWrite for LED.asOutput(true)","duration":2138.0463,"failureMessages":[],"meta":{},"tags":[]},{"ancestorTitles":["GPIO Object-Creation Pattern","asOutput()"],"fullName":"GPIO Object-Creation Pattern asOutput() emits pinMode for D9.asOutput() and alias resolves for high()/low()","status":"passed","title":"emits pinMode for D9.asOutput() and alias resolves for high()/low()","duration":1719.8064000000004,"failureMessages":[],"meta":{},"tags":[]},{"ancestorTitles":["GPIO Object-Creation Pattern","asOutput()"],"fullName":"GPIO Object-Creation Pattern asOutput() resolves alias inside while loop","status":"passed","title":"resolves alias inside while loop","duration":1552.7167000000009,"failureMessages":[],"meta":{},"tags":[]},{"ancestorTitles":["GPIO Object-Creation Pattern","asInput()"],"fullName":"GPIO Object-Creation Pattern asInput() emits pinMode INPUT for D2.asInput()","status":"passed","title":"emits pinMode INPUT for D2.asInput()","duration":1470.5589,"failureMessages":[],"meta":{},"tags":[]},{"ancestorTitles":["GPIO Object-Creation Pattern","asInputPullUp()"],"fullName":"GPIO Object-Creation Pattern asInputPullUp() emits pinMode INPUT_PULLUP for D3.asInputPullUp()","status":"passed","title":"emits pinMode INPUT_PULLUP for D3.asInputPullUp()","duration":1407.4848999999995,"failureMessages":[],"meta":{},"tags":[]},{"ancestorTitles":["GPIO Object-Creation Pattern","asInputPullUp()"],"fullName":"GPIO Object-Creation Pattern asInputPullUp() emits pinMode INPUT_PULLUP for a pin parameter and resolves alias for btn.read()","status":"passed","title":"emits pinMode INPUT_PULLUP for a pin parameter and resolves alias for btn.read()","duration":1446.9977999999992,"failureMessages":[],"meta":{},"tags":[]},{"ancestorTitles":["GPIO Object-Creation Pattern","asInputPullUp()"],"fullName":"GPIO Object-Creation Pattern asInputPullUp() propagates pin aliases through this.field assignment and handles this.pin.read()","status":"passed","title":"propagates pin aliases through this.field assignment and handles this.pin.read()","duration":1524.5214000000014,"failureMessages":[],"meta":{},"tags":[]},{"ancestorTitles":["GPIO Object-Creation Pattern","Multiple pins with aliases"],"fullName":"GPIO Object-Creation Pattern Multiple pins with aliases tracks multiple aliases independently","status":"passed","title":"tracks multiple aliases independently","duration":1482.4946999999993,"failureMessages":[],"meta":{},"tags":[]}],"startTime":1777296253433,"endTime":1777296268914.4946,"status":"passed","message":"","name":"C:/typecad/typecode/tests/gpio-object-creation.test.ts"},{"assertionResults":[{"ancestorTitles":["Interrupt Safety Analysis","Duplicate Interrupt Handler Detection"],"fullName":"Interrupt Safety Analysis Duplicate Interrupt Handler Detection generates warning when multiple handlers attached to same pin","status":"passed","title":"generates warning when multiple handlers attached to same pin","duration":3590.2811,"failureMessages":[],"meta":{},"tags":[]},{"ancestorTitles":["Interrupt Safety Analysis","Duplicate Interrupt Handler Detection"],"fullName":"Interrupt Safety Analysis Duplicate Interrupt Handler Detection does not generate warning for different pins","status":"passed","title":"does not generate warning for different pins","duration":2550.8169000000007,"failureMessages":[],"meta":{},"tags":[]},{"ancestorTitles":["Interrupt Safety Analysis","Duplicate Interrupt Handler Detection"],"fullName":"Interrupt Safety Analysis Duplicate Interrupt Handler Detection generates warning for D2.onFalling + D2.onRising on the same pin (flat API)","status":"passed","title":"generates warning for D2.onFalling + D2.onRising on the same pin (flat API)","duration":1920.8377,"failureMessages":[],"meta":{},"tags":[]},{"ancestorTitles":["Interrupt Safety Analysis","Duplicate Interrupt Handler Detection"],"fullName":"Interrupt Safety Analysis Duplicate Interrupt Handler Detection does not warn for onFalling on D2 and onRising on D3 (different pins, flat API)","status":"passed","title":"does not warn for onFalling on D2 and onRising on D3 (different pins, flat API)","duration":1845.4523000000008,"failureMessages":[],"meta":{},"tags":[]},{"ancestorTitles":["Interrupt Safety Analysis","Unsafe Operations in ISR"],"fullName":"Interrupt Safety Analysis Unsafe Operations in ISR generates warning for delay() in interrupt handler","status":"passed","title":"generates warning for delay() in interrupt handler","duration":2261.6214,"failureMessages":[],"meta":{},"tags":[]},{"ancestorTitles":["Interrupt Safety Analysis","Unsafe Operations in ISR"],"fullName":"Interrupt Safety Analysis Unsafe Operations in ISR generates info for Serial.print() in interrupt handler","status":"passed","title":"generates info for Serial.print() in interrupt handler","duration":2261.3611,"failureMessages":[],"meta":{},"tags":[]},{"ancestorTitles":["Interrupt Safety Analysis","Unsafe Operations in ISR"],"fullName":"Interrupt Safety Analysis Unsafe Operations in ISR does not generate warning for safe operations in ISR","status":"passed","title":"does not generate warning for safe operations in ISR","duration":1937.8284999999996,"failureMessages":[],"meta":{},"tags":[]},{"ancestorTitles":["Interrupt Safety Analysis","Unsafe Operations in ISR"],"fullName":"Interrupt Safety Analysis Unsafe Operations in ISR does not generate warning for delay() outside ISR","status":"passed","title":"does not generate warning for delay() outside ISR","duration":1474.1876999999986,"failureMessages":[],"meta":{},"tags":[]}],"startTime":1777296253435,"endTime":1777296271281.1877,"status":"passed","message":"","name":"C:/typecad/typecode/tests/interrupt-safety.test.ts"},{"assertionResults":[{"ancestorTitles":["Get/Set Accessors"],"fullName":"Get/Set Accessors transpiles getter in class","status":"passed","title":"transpiles getter in class","duration":78.42319999999995,"failureMessages":[],"meta":{},"tags":[]},{"ancestorTitles":["Get/Set Accessors"],"fullName":"Get/Set Accessors transpiles setter in class","status":"passed","title":"transpiles setter in class","duration":36.861199999999826,"failureMessages":[],"meta":{},"tags":[]},{"ancestorTitles":["Get/Set Accessors"],"fullName":"Get/Set Accessors transpiles getter and setter pair","status":"passed","title":"transpiles getter and setter pair","duration":22.32900000000018,"failureMessages":[],"meta":{},"tags":[]},{"ancestorTitles":["Get/Set Accessors"],"fullName":"Get/Set Accessors places public accessors in public section","status":"passed","title":"places public accessors in public section","duration":42.852200000000266,"failureMessages":[],"meta":{},"tags":[]},{"ancestorTitles":["Get/Set Accessors"],"fullName":"Get/Set Accessors handles private getter","status":"passed","title":"handles private getter","duration":20.073499999999967,"failureMessages":[],"meta":{},"tags":[]},{"ancestorTitles":["Get/Set Accessors"],"fullName":"Get/Set Accessors handles protected setter","status":"passed","title":"handles protected setter","duration":40.83609999999999,"failureMessages":[],"meta":{},"tags":[]},{"ancestorTitles":["Get/Set Accessors"],"fullName":"Get/Set Accessors transpiles static getter","status":"passed","title":"transpiles static getter","duration":9.49389999999994,"failureMessages":[],"meta":{},"tags":[]},{"ancestorTitles":["Get/Set Accessors"],"fullName":"Get/Set Accessors transpiles accessor with computed return","status":"passed","title":"transpiles accessor with computed return","duration":16.19509999999991,"failureMessages":[],"meta":{},"tags":[]},{"ancestorTitles":["forEach Inline Expansion"],"fullName":"forEach Inline Expansion expands forEach with expression body as standalone statement","status":"passed","title":"expands forEach with expression body as standalone statement","duration":19.86160000000018,"failureMessages":[],"meta":{},"tags":[]},{"ancestorTitles":["forEach Inline Expansion"],"fullName":"forEach Inline Expansion expands forEach with block body","status":"passed","title":"expands forEach with block body","duration":18.891200000000026,"failureMessages":[],"meta":{},"tags":[]},{"ancestorTitles":["typeof Operator"],"fullName":"typeof Operator resolves typeof numeric literal to \"number\"","status":"passed","title":"resolves typeof numeric literal to \"number\"","duration":15.197599999999966,"failureMessages":[],"meta":{},"tags":[]},{"ancestorTitles":["typeof Operator"],"fullName":"typeof Operator resolves typeof string literal to \"string\"","status":"passed","title":"resolves typeof string literal to \"string\"","duration":10.527000000000044,"failureMessages":[],"meta":{},"tags":[]},{"ancestorTitles":["typeof Operator"],"fullName":"typeof Operator resolves typeof boolean literal to \"boolean\"","status":"passed","title":"resolves typeof boolean literal to \"boolean\"","duration":13.621799999999894,"failureMessages":[],"meta":{},"tags":[]},{"ancestorTitles":["typeof Operator"],"fullName":"typeof Operator resolves typeof variable from inferred type","status":"passed","title":"resolves typeof variable from inferred type","duration":13.295599999999922,"failureMessages":[],"meta":{},"tags":[]},{"ancestorTitles":["Full Union Types (std::variant)"],"fullName":"Full Union Types (std::variant) resolves number | string to std::variant","status":"passed","title":"resolves number | string to std::variant","duration":8.164700000000266,"failureMessages":[],"meta":{},"tags":[]},{"ancestorTitles":["Full Union Types (std::variant)"],"fullName":"Full Union Types (std::variant) strips null from multi-type union","status":"passed","title":"strips null from multi-type union","duration":8.98779999999988,"failureMessages":[],"meta":{},"tags":[]},{"ancestorTitles":["Full Union Types (std::variant)"],"fullName":"Full Union Types (std::variant) still resolves nullable unions (number | null) to plain int","status":"passed","title":"still resolves nullable unions (number | null) to plain int","duration":14.212500000000091,"failureMessages":[],"meta":{},"tags":[]},{"ancestorTitles":["Full Union Types (std::variant)"],"fullName":"Full Union Types (std::variant) deduplicates identical union member types","status":"passed","title":"deduplicates identical union member types","duration":8.810599999999795,"failureMessages":[],"meta":{},"tags":[]},{"ancestorTitles":["export default"],"fullName":"export default export default does not cause errors","status":"passed","title":"export default does not cause errors","duration":12.896799999999985,"failureMessages":[],"meta":{},"tags":[]},{"ancestorTitles":["export default"],"fullName":"export default export default class does not prevent class emission","status":"passed","title":"export default class does not prevent class emission","duration":28.357899999999972,"failureMessages":[],"meta":{},"tags":[]},{"ancestorTitles":["export default"],"fullName":"export default import with default import syntax parses without error","status":"passed","title":"import with default import syntax parses without error","duration":12.712099999999737,"failureMessages":[],"meta":{},"tags":[]}],"startTime":1777296267812,"endTime":1777296268268.7122,"status":"passed","message":"","name":"C:/typecad/typecode/tests/new-features.test.ts"},{"assertionResults":[{"ancestorTitles":["Ownership Analysis","Opt-in behavior"],"fullName":"Ownership Analysis Opt-in behavior produces no ownership error diagnostics when ownership types are not used","status":"passed","title":"produces no ownership error diagnostics when ownership types are not used","duration":77.7367999999999,"failureMessages":[],"meta":{},"tags":[]},{"ancestorTitles":["Ownership Analysis","Ref<T> — immutable borrow"],"fullName":"Ownership Analysis Ref<T> — immutable borrow emits const in C++ for Ref<T> function parameters","status":"passed","title":"emits const in C++ for Ref<T> function parameters","duration":23.439399999999978,"failureMessages":[],"meta":{},"tags":[]},{"ancestorTitles":["Ownership Analysis","Ref<T> — immutable borrow"],"fullName":"Ownership Analysis Ref<T> — immutable borrow reports error when assigning to a Ref<T> variable","status":"passed","title":"reports error when assigning to a Ref<T> variable","duration":20.266599999999926,"failureMessages":[],"meta":{},"tags":[]},{"ancestorTitles":["Ownership Analysis","Ref<T> — immutable borrow"],"fullName":"Ownership Analysis Ref<T> — immutable borrow reports error when updating a Ref<T> variable","status":"passed","title":"reports error when updating a Ref<T> variable","duration":9.798999999999978,"failureMessages":[],"meta":{},"tags":[]},{"ancestorTitles":["Ownership Analysis","Owned<T> — use-after-move"],"fullName":"Ownership Analysis Owned<T> — use-after-move reports error when using a variable after it has been moved","status":"passed","title":"reports error when using a variable after it has been moved","duration":34.45809999999983,"failureMessages":[],"meta":{},"tags":[]},{"ancestorTitles":["Ownership Analysis","Owned<T> — use-after-move"],"fullName":"Ownership Analysis Owned<T> — use-after-move does NOT report error for a single move without subsequent use","status":"passed","title":"does NOT report error for a single move without subsequent use","duration":17.977100000000064,"failureMessages":[],"meta":{},"tags":[]},{"ancestorTitles":["Ownership Analysis","Owned<T> — use-after-move"],"fullName":"Ownership Analysis Owned<T> — use-after-move does NOT move source when destination is a Ref<T> borrow","status":"passed","title":"does NOT move source when destination is a Ref<T> borrow","duration":28.42789999999968,"failureMessages":[],"meta":{},"tags":[]},{"ancestorTitles":["Ownership Analysis","MutRef<T> — mutable borrow"],"fullName":"Ownership Analysis MutRef<T> — mutable borrow allows assignment to MutRef<T> variables","status":"passed","title":"allows assignment to MutRef<T> variables","duration":7.601400000000012,"failureMessages":[],"meta":{},"tags":[]},{"ancestorTitles":["Ownership Analysis","Const suggestion"],"fullName":"Ownership Analysis Const suggestion suggests const for let variables that are never reassigned","status":"passed","title":"suggests const for let variables that are never reassigned","duration":16.144200000000183,"failureMessages":[],"meta":{},"tags":[]},{"ancestorTitles":["Ownership Analysis","Const suggestion"],"fullName":"Ownership Analysis Const suggestion does not suggest const for variables that are reassigned","status":"passed","title":"does not suggest const for variables that are reassigned","duration":12.302400000000034,"failureMessages":[],"meta":{},"tags":[]},{"ancestorTitles":["Ownership Analysis","Type stripping in C++ emission"],"fullName":"Ownership Analysis Type stripping in C++ emission strips Ref<> wrapper from C++ type emission","status":"passed","title":"strips Ref<> wrapper from C++ type emission","duration":9.276899999999841,"failureMessages":[],"meta":{},"tags":[]},{"ancestorTitles":["Ownership Analysis","C++ reference emission (Phase 1)"],"fullName":"Ownership Analysis C++ reference emission (Phase 1) emits const T& for non-primitive Ref<T> parameters","status":"passed","title":"emits const T& for non-primitive Ref<T> parameters","duration":31.179200000000037,"failureMessages":[],"meta":{},"tags":[]},{"ancestorTitles":["Ownership Analysis","C++ reference emission (Phase 1)"],"fullName":"Ownership Analysis C++ reference emission (Phase 1) emits T& for non-primitive MutRef<T> parameters","status":"passed","title":"emits T& for non-primitive MutRef<T> parameters","duration":10.032100000000355,"failureMessages":[],"meta":{},"tags":[]},{"ancestorTitles":["Ownership Analysis","C++ reference emission (Phase 1)"],"fullName":"Ownership Analysis C++ reference emission (Phase 1) keeps primitive Ref<T> parameters by value (no reference)","status":"passed","title":"keeps primitive Ref<T> parameters by value (no reference)","duration":9.406400000000303,"failureMessages":[],"meta":{},"tags":[]},{"ancestorTitles":["Ownership Analysis","C++ reference emission (Phase 1)"],"fullName":"Ownership Analysis C++ reference emission (Phase 1) emits const T& for non-primitive Ref<T> local variable from named variable","status":"passed","title":"emits const T& for non-primitive Ref<T> local variable from named variable","duration":14.529099999999744,"failureMessages":[],"meta":{},"tags":[]},{"ancestorTitles":["Ownership Analysis","C++ reference emission (Phase 1)"],"fullName":"Ownership Analysis C++ reference emission (Phase 1) falls back to copy (not reference) when Ref<T> initialized from non-identifier","status":"passed","title":"falls back to copy (not reference) when Ref<T> initialized from non-identifier","duration":10.473100000000159,"failureMessages":[],"meta":{},"tags":[]},{"ancestorTitles":["Ownership Analysis","Bare Ref / MutRef without type args (Phase 2)"],"fullName":"Ownership Analysis Bare Ref / MutRef without type args (Phase 2) bare Ref annotation still sets ownershipKind to ref and emits const reference","status":"passed","title":"bare Ref annotation still sets ownershipKind to ref and emits const reference","duration":8.576199999999972,"failureMessages":[],"meta":{},"tags":[]},{"ancestorTitles":["Ownership Analysis","New diagnostics (Phase 3)"],"fullName":"Ownership Analysis New diagnostics (Phase 3) emits ownership-temp-ref-warn when Ref<T> non-primitive is initialized from a literal","status":"passed","title":"emits ownership-temp-ref-warn when Ref<T> non-primitive is initialized from a literal","duration":6.834100000000035,"failureMessages":[],"meta":{},"tags":[]},{"ancestorTitles":["Ownership Analysis","New diagnostics (Phase 3)"],"fullName":"Ownership Analysis New diagnostics (Phase 3) emits ownership-borrow-mismatch when Ref param is passed to MutRef param","status":"passed","title":"emits ownership-borrow-mismatch when Ref param is passed to MutRef param","duration":8.993800000000192,"failureMessages":[],"meta":{},"tags":[]},{"ancestorTitles":["Ownership Analysis","New diagnostics (Phase 3)"],"fullName":"Ownership Analysis New diagnostics (Phase 3) emits ownership-implicit-copy info when non-primitive is copied without annotation","status":"passed","title":"emits ownership-implicit-copy info when non-primitive is copied without annotation","duration":26.708600000000388,"failureMessages":[],"meta":{},"tags":[]},{"ancestorTitles":["Ownership Analysis","New diagnostics (Phase 3)"],"fullName":"Ownership Analysis New diagnostics (Phase 3) emits ownership-owned-copy info when Owned non-primitive is moved","status":"passed","title":"emits ownership-owned-copy info when Owned non-primitive is moved","duration":9.890799999999672,"failureMessages":[],"meta":{},"tags":[]},{"ancestorTitles":["Ownership Analysis","Lifetime safety (dangling borrow & return-local-ref)"],"fullName":"Ownership Analysis Lifetime safety (dangling borrow & return-local-ref) reports ownership-dangling-borrow when a borrow outlives its source via block scope","status":"passed","title":"reports ownership-dangling-borrow when a borrow outlives its source via block scope","duration":17.814800000000105,"failureMessages":[],"meta":{},"tags":[]},{"ancestorTitles":["Ownership Analysis","Lifetime safety (dangling borrow & return-local-ref)"],"fullName":"Ownership Analysis Lifetime safety (dangling borrow & return-local-ref) does NOT report dangling-borrow when borrow and source are in the same scope","status":"passed","title":"does NOT report dangling-borrow when borrow and source are in the same scope","duration":19.646500000000287,"failureMessages":[],"meta":{},"tags":[]},{"ancestorTitles":["Ownership Analysis","Lifetime safety (dangling borrow & return-local-ref)"],"fullName":"Ownership Analysis Lifetime safety (dangling borrow & return-local-ref) does NOT report dangling-borrow when borrow is declared inside the inner scope (safe: both die together)","status":"passed","title":"does NOT report dangling-borrow when borrow is declared inside the inner scope (safe: both die together)","duration":93.43769999999995,"failureMessages":[],"meta":{},"tags":[]},{"ancestorTitles":["Ownership Analysis","Lifetime safety (dangling borrow & return-local-ref)"],"fullName":"Ownership Analysis Lifetime safety (dangling borrow & return-local-ref) reports ownership-return-local-ref when returning a borrow of a local Owned variable","status":"passed","title":"reports ownership-return-local-ref when returning a borrow of a local Owned variable","duration":24.254599999999755,"failureMessages":[],"meta":{},"tags":[]},{"ancestorTitles":["Ownership Analysis","Lifetime safety (dangling borrow & return-local-ref)"],"fullName":"Ownership Analysis Lifetime safety (dangling borrow & return-local-ref) does NOT report return-local-ref when returning a borrow of a Ref parameter (pass-through)","status":"passed","title":"does NOT report return-local-ref when returning a borrow of a Ref parameter (pass-through)","duration":5.709200000000237,"failureMessages":[],"meta":{},"tags":[]}],"startTime":1777296267124,"endTime":1777296267683.7092,"status":"passed","message":"","name":"C:/typecad/typecode/tests/ownership-analysis.test.ts"},{"assertionResults":[{"ancestorTitles":["Peripheral Ownership Validation"],"fullName":"Peripheral Ownership Validation generates error for double take without release","status":"passed","title":"generates error for double take without release","duration":3356.9900999999995,"failureMessages":[],"meta":{},"tags":[]},{"ancestorTitles":["Peripheral Ownership Validation"],"fullName":"Peripheral Ownership Validation generates warning for I/O without ownership","status":"passed","title":"generates warning for I/O without ownership","duration":2538.0348000000013,"failureMessages":[],"meta":{},"tags":[]},{"ancestorTitles":["Peripheral Ownership Validation"],"fullName":"Peripheral Ownership Validation generates warning for release without take","status":"passed","title":"generates warning for release without take","duration":2021.7983000000004,"failureMessages":[],"meta":{},"tags":[]},{"ancestorTitles":["Peripheral Ownership Validation"],"fullName":"Peripheral Ownership Validation no diagnostics when ownership pattern is not used","status":"passed","title":"no diagnostics when ownership pattern is not used","duration":1619.7338999999993,"failureMessages":[],"meta":{},"tags":[]},{"ancestorTitles":["Peripheral Ownership Validation"],"fullName":"Peripheral Ownership Validation no diagnostics when take/release used correctly","status":"passed","title":"no diagnostics when take/release used correctly","duration":1913.3392000000003,"failureMessages":[],"meta":{},"tags":[]}],"startTime":1777296253431,"endTime":1777296264883.339,"status":"passed","message":"","name":"C:/typecad/typecode/tests/peripheral-ownership.test.ts"},{"assertionResults":[{"ancestorTitles":["Peripheral Pin Conflict Detection"],"fullName":"Peripheral Pin Conflict Detection generates warning when I2C pin is used as GPIO while I2C is active","status":"passed","title":"generates warning when I2C pin is used 
[...]
n generates Console with Serial for Arduino","status":"passed","title":"generates Console with Serial for Arduino","duration":0.4558999999999287,"failureMessages":[],"meta":{},"tags":[]},{"ancestorTitles":["PolyfillGenerator","Polyfill Generation"],"fullName":"PolyfillGenerator Polyfill Generation generates Console with iostream for native","status":"passed","title":"generates Console with iostream for native","duration":0.33580000000006294,"failureMessages":[],"meta":{},"tags":[]},{"ancestorTitles":["PolyfillGenerator","Template Registry"],"fullName":"PolyfillGenerator Template Registry lists available templates","status":"passed","title":"lists available templates","duration":0.4458999999999378,"failureMessages":[],"meta":{},"tags":[]}],"startTime":1777296270971,"endTime":1777296270983.4458,"status":"passed","message":"","name":"C:/typecad/typecode/tests/packages/transpiler/polyfill-generator.test.ts"},{"assertionResults":[{"ancestorTitles":["Register-mapped Structs","@register decorator detection"],"fullName":"Register-mapped Structs @register decorator detection detects @register class and creates RegisterClassIR","status":"passed","title":"detects @register class and creates RegisterClassIR","duration":23.829600000000028,"failureMessages":[],"meta":{},"tags":[]},{"ancestorTitles":["Register-mapped Structs","@register decorator detection"],"fullName":"Register-mapped Structs @register decorator detection extracts bit field ranges correctly","status":"passed","title":"extracts bit field ranges correctly","duration":4.041600000000017,"failureMessages":[],"meta":{},"tags":[]},{"ancestorTitles":["Register-mapped Structs","@register decorator detection"],"fullName":"Register-mapped Structs @register decorator detection does not create a normal ClassIR for @register classes","status":"passed","title":"does not create a normal ClassIR for @register classes","duration":1.7847999999999047,"failureMessages":[],"meta":{},"tags":[]},{"ancestorTitles":["Register-mapped Structs","C++ emission"],"fullName":"Register-mapped Structs C++ emission emits volatile pointer declaration for register","status":"passed","title":"emits volatile pointer declaration for register","duration":13.476900000000114,"failureMessages":[],"meta":{},"tags":[]},{"ancestorTitles":["Register-mapped Structs","C++ emission"],"fullName":"Register-mapped Structs C++ emission emits correct hex address","status":"passed","title":"emits correct hex address","duration":3.2682000000002063,"failureMessages":[],"meta":{},"tags":[]},{"ancestorTitles":["Register-mapped Structs","Register field read"],"fullName":"Register-mapped Structs Register field read reads a single-bit field with & 1UL","status":"passed","title":"reads a single-bit field with & 1UL","duration":15.318700000000035,"failureMessages":[],"meta":{},"tags":[]},{"ancestorTitles":["Register-mapped Structs","Register field read"],"fullName":"Register-mapped Structs Register field read reads a multi-bit field with correct mask","status":"passed","title":"reads a multi-bit field with correct mask","duration":6.692199999999957,"failureMessages":[],"meta":{},"tags":[]},{"ancestorTitles":["Register-mapped Structs","Register field read"],"fullName":"Register-mapped Structs Register field read reads an 8-bit field with correct mask","status":"passed","title":"reads an 8-bit field with correct mask","duration":3.6433999999999287,"failureMessages":[],"meta":{},"tags":[]},{"ancestorTitles":["Register-mapped Structs","Register field write"],"fullName":"Register-mapped Structs Register field write writes a single-bit field with correct bit manipulation","status":"passed","title":"writes a single-bit field with correct bit manipulation","duration":5.948100000000068,"failureMessages":[],"meta":{},"tags":[]},{"ancestorTitles":["Register-mapped Structs","Register field write"],"fullName":"Register-mapped Structs Register field write writes a multi-bit field with correct bit manipulation","status":"passed","title":"writes a multi-bit field with correct bit manipulation","duration":3.1142999999999574,"failureMessages":[],"meta":{},"tags":[]},{"ancestorTitles":["Register-mapped Structs","Register field write"],"fullName":"Register-mapped Structs Register field write writes an 8-bit field with correct mask","status":"passed","title":"writes an 8-bit field with correct mask","duration":5.653999999999996,"failureMessages":[],"meta":{},"tags":[]},{"ancestorTitles":["Register-mapped Structs","Multiple registers"],"fullName":"Register-mapped Structs Multiple registers handles multiple @register classes","status":"passed","title":"handles multiple @register classes","duration":2.369699999999966,"failureMessages":[],"meta":{},"tags":[]}],"startTime":1777296270557,"endTime":1777296270647.3696,"status":"passed","message":"","name":"C:/typecad/typecode/tests/packages/transpiler/register-struct.test.ts"},{"assertionResults":[{"ancestorTitles":["transpileFile module graph"],"fullName":"transpileFile module graph transpiles imported local modules","status":"passed","title":"transpiles imported local modules","duration":3493.3153,"failureMessages":[],"meta":{},"tags":[]},{"ancestorTitles":["transpileFile module graph"],"fullName":"transpileFile module graph uses case-preserving local header include for relative imports","status":"passed","title":"uses case-preserving local header include for relative imports","duration":2176.9366999999993,"failureMessages":[],"meta":{},"tags":[]},{"ancestorTitles":["transpileFile module graph"],"fullName":"transpileFile module graph lowers function-expression aliases without raw or unmapped type warnings","status":"passed","title":"lowers function-expression aliases without raw or unmapped type warnings","duration":2065.4434,"failureMessages":[],"meta":{},"tags":[]},{"ancestorTitles":["transpileFile module graph"],"fullName":"transpileFile module graph maps string and boolean array aliases to std types","status":"passed","title":"maps string and boolean array aliases to std types","duration":1758.4862000000012,"failureMessages":[],"meta":{},"tags":[]},{"ancestorTitles":["transpileFile module graph"],"fullName":"transpileFile module graph does not warn for generic structural alias object literals","status":"passed","title":"does not warn for generic structural alias object literals","duration":1946.7260000000006,"failureMessages":[],"meta":{},"tags":[]}],"startTime":1777296254319,"endTime":1777296265760.726,"status":"passed","message":"","name":"C:/typecad/typecode/tests/packages/transpiler/transpile-imports.test.ts"},{"assertionResults":[{"ancestorTitles":["buildCallGraph"],"fullName":"buildCallGraph should build a call graph for a simple function","status":"passed","title":"should build a call graph for a simple function","duration":27.949299999999994,"failureMessages":[],"meta":{},"tags":[]},{"ancestorTitles":["buildCallGraph"],"fullName":"buildCallGraph should track class instantiations","status":"passed","title":"should track class instantiations","duration":9.793899999999894,"failureMessages":[],"meta":{},"tags":[]},{"ancestorTitles":["buildCallGraph"],"fullName":"buildCallGraph should track method calls","status":"passed","title":"should track method calls","duration":5.453999999999951,"failureMessages":[],"meta":{},"tags":[]},{"ancestorTitles":["buildCallGraph"],"fullName":"buildCallGraph should handle nested function calls","status":"passed","title":"should handle nested function calls","duration":3.348500000000058,"failureMessages":[],"meta":{},"tags":[]},{"ancestorTitles":["detectEntryPoints"],"fullName":"detectEntryPoints should detect setup and loop for Arduino target","status":"passed","title":"should detect setup and loop for Arduino target","duration":2.983799999999974,"failureMessages":[],"meta":{},"tags":[]},{"ancestorTitles":["detectEntryPoints"],"fullName":"detectEntryPoints should detect main for generic target","status":"passed","title":"should detect main for generic target","duration":1.4084000000000287,"failureMessages":[],"meta":{},"tags":[]},{"ancestorTitles":["detectEntryPoints"],"fullName":"detectEntryPoints should include custom entry points","status":"passed","title":"should include custom entry points","duration":11.649599999999964,"failureMessages":[],"meta":{},"tags":[]},{"ancestorTitles":["detectEntryPoints"],"fullName":"detectEntryPoints should detect top-level class instantiations","status":"passed","title":"should detect top-level class instantiations","duration":1.968499999999949,"failureMessages":[],"meta":{},"tags":[]},{"ancestorTitles":["analyzeReachability"],"fullName":"analyzeReachability should identify reachable functions from entry points","status":"passed","title":"should identify reachable functions from entry points","duration":3.493099999999913,"failureMessages":[],"meta":{},"tags":[]},{"ancestorTitles":["analyzeReachability"],"fullName":"analyzeReachability should identify reachable classes","status":"passed","title":"should identify reachable classes","duration":1.9858999999999014,"failureMessages":[],"meta":{},"tags":[]},{"ancestorTitles":["analyzeReachability"],"fullName":"analyzeReachability should respect keepUnusedEnums option","status":"passed","title":"should respect keepUnusedEnums option","duration":3.4307000000001153,"failureMessages":[],"meta":{},"tags":[]},{"ancestorTitles":["analyzeReachability"],"fullName":"analyzeReachability should generate diagnostics for unreachable code","status":"passed","title":"should generate diagnostics for unreachable code","duration":1.6485999999999876,"failureMessages":[],"meta":{},"tags":[]},{"ancestorTitles":["filterProgramIR"],"fullName":"filterProgramIR should remove unreachable functions","status":"passed","title":"should remove unreachable functions","duration":5.781600000000026,"failureMessages":[],"meta":{},"tags":[]},{"ancestorTitles":["filterProgramIR"],"fullName":"filterProgramIR should remove unreachable classes","status":"passed","title":"should remove unreachable classes","duration":6.1073999999998705,"failureMessages":[],"meta":{},"tags":[]},{"ancestorTitles":["filterProgramIR"],"fullName":"filterProgramIR should preserve all code when disabled","status":"passed","title":"should preserve all code when disabled","duration":1.5318999999999505,"failureMessages":[],"meta":{},"tags":[]},{"ancestorTitles":["filterProgramIR"],"fullName":"filterProgramIR should include reachability diagnostics in filtered output","status":"passed","title":"should include reachability diagnostics in filtered output","duration":0.9575999999999567,"failureMessages":[],"meta":{},"tags":[]},{"ancestorTitles":["getReachabilityStats"],"fullName":"getReachabilityStats should calculate correct statistics","status":"passed","title":"should calculate correct statistics","duration":4.630199999999832,"failureMessages":[],"meta":{},"tags":[]},{"ancestorTitles":["getReachableSymbols"],"fullName":"getReachableSymbols should traverse transitive dependencies","status":"passed","title":"should traverse transitive dependencies","duration":2.5937000000001262,"failureMessages":[],"meta":{},"tags":[]},{"ancestorTitles":["getReachableSymbols"],"fullName":"getReachableSymbols should handle circular dependencies","status":"passed","title":"should handle circular dependencies","duration":6.874700000000075,"failureMessages":[],"meta":{},"tags":[]}],"startTime":1777296270112,"endTime":1777296270216.8748,"status":"passed","message":"","name":"C:/typecad/typecode/tests/packages/transpiler/tree-shaking.test.ts"},{"assertionResults":[{"ancestorTitles":["Try/Catch Validation"],"fullName":"Try/Catch Validation emits error for try/catch on AVR target","status":"passed","title":"emits error for try/catch on AVR target","duration":3.4442999999999984,"failureMessages":[],"meta":{},"tags":[]},{"ancestorTitles":["Try/Catch Validation"],"fullName":"Try/Catch Validation emits error for throw on AVR target","status":"passed","title":"emits error for throw on AVR target","duration":0.7193000000000893,"failureMessages":[],"meta":{},"tags":[]},{"ancestorTitles":["Try/Catch Validation"],"fullName":"Try/Catch Validation does not emit diagnostic for try/catch on ESP32 target","status":"passed","title":"does not emit diagnostic for try/catch on ESP32 target","duration":0.2236000000000331,"failureMessages":[],"meta":{},"tags":[]},{"ancestorTitles":["Try/Catch Validation"],"fullName":"Try/Catch Validation does not emit diagnostic when boardConstants is undefined","status":"passed","title":"does not emit diagnostic when boardConstants is undefined","duration":0.18280000000004293,"failureMessages":[],"meta":{},"tags":[]},{"ancestorTitles":["Try/Catch Validation"],"fullName":"Try/Catch Validation detects try/catch nested inside if statement","status":"passed","title":"detects try/catch nested inside if statement","duration":0.36579999999992197,"failureMessages":[],"meta":{},"tags":[]},{"ancestorTitles":["Try/Catch Validation"],"fullName":"Try/Catch Validation detects try/catch inside function bodies","status":"passed","title":"detects try/catch inside function bodies","duration":0.35530000000005657,"failureMessages":[],"meta":{},"tags":[]},{"ancestorTitles":["Try/Catch Validation"],"fullName":"Try/Catch Validation detects try/catch inside class methods","status":"passed","title":"detects try/catch inside class methods","duration":0.5644999999999527,"failureMessages":[],"meta":{},"tags":[]},{"ancestorTitles":["Try/Catch Validation"],"fullName":"Try/Catch Validation emits error for megaavr architecture","status":"passed","title":"emits error for megaavr architecture","duration":0.4110000000000582,"failureMessages":[],"meta":{},"tags":[]},{"ancestorTitles":["Try/Catch Validation"],"fullName":"Try/Catch Validation does not emit diagnostic for code without try/catch","status":"passed","title":"does not emit diagnostic for code without try/catch","duration":0.7678999999999405,"failureMessages":[],"meta":{},"tags":[]},{"ancestorTitles":["Try/Catch Validation"],"fullName":"Try/Catch Validation reports multiple diagnostics for multiple try/catch blocks","status":"passed","title":"reports multiple diagnostics for multiple try/catch blocks","duration":0.5714000000000397,"failureMessages":[],"meta":{},"tags":[]}],"startTime":1777296271003,"endTime":1777296271011.5713,"status":"passed","message":"","name":"C:/typecad/typecode/tests/packages/transpiler/try-catch-validation.test.ts"},{"assertionResults":[{"ancestorTitles":["Peripheral configuration"],"fullName":"Peripheral configuration transpiles bare number peripheral configuration through the CLI pipeline","status":"passed","title":"transpiles bare number peripheral configuration through the CLI pipeline","duration":5769.311100000001,"failureMessages":[],"meta":{},"tags":[]},{"ancestorTitles":["Peripheral configuration"],"fullName":"Peripheral configuration accepts bare number in baudRate config (no unit wrapping required)","status":"passed","title":"accepts bare number in baudRate config (no unit wrapping required)","duration":3617.4037000000008,"failureMessages":[],"meta":{},"tags":[]},{"ancestorTitles":["Peripheral configuration"],"fullName":"Peripheral configuration transpiles I2C with bare number","status":"passed","title":"transpiles I2C with bare number","duration":3380.7412999999997,"failureMessages":[],"meta":{},"tags":[]}],"startTime":1777296254319,"endTime":1777296267086.7412,"status":"passed","message":"","name":"C:/typecad/typecode/tests/packages/transpiler/units.test.ts"},{"assertionResults":[{"ancestorTitles":["watch","discoverWatchDirs"],"fullName":"watch discoverWatchDirs returns the entry file's directory","status":"passed","title":"returns the entry file's directory","duration":3.974999999999909,"failureMessages":[],"meta":{},"tags":[]},{"ancestorTitles":["watch","discoverWatchDirs"],"fullName":"watch discoverWatchDirs includes config directory when config is in a different directory","status":"passed","title":"includes config directory when config is in a different directory","duration":0.8377000000000407,"failureMessages":[],"meta":{},"tags":[]},{"ancestorTitles":["watch","discoverWatchDirs"],"fullName":"watch discoverWatchDirs deduplicates when entry and config are in the same directory","status":"passed","title":"deduplicates when entry and config are in the same directory","duration":0.4291000000000622,"failureMessages":[],"meta":{},"tags":[]},{"ancestorTitles":["watch","isRelevantChange"],"fullName":"watch isRelevantChange accepts .ts file changes","status":"passed","title":"accepts .ts file changes","duration":0.27569999999991524,"failureMessages":[],"meta":{},"tags":[]},{"ancestorTitles":["watch","isRelevantChange"],"fullName":"watch isRelevantChange accepts .ts file in subdirectory","status":"passed","title":"accepts .ts file in subdirectory","duration":0.2016000000000986,"failureMessages":[],"meta":{},"tags":[]},{"ancestorTitles":["watch","isRelevantChange"],"fullName":"watch isRelevantChange rejects .d.ts declaration files","status":"passed","title":"rejects .d.ts declaration files","duration":0.2014000000001488,"failureMessages":[],"meta":{},"tags":[]},{"ancestorTitles":["watch","isRelevantChange"],"fullName":"watch isRelevantChange rejects non-.ts files","status":"passed","title":"rejects non-.ts files","duration":0.3625000000001819,"failureMessages":[],"meta":{},"tags":[]},{"ancestorTitles":["watch","isRelevantChange"],"fullName":"watch isRelevantChange rejects node_modules files","status":"passed","title":"rejects node_modules files","duration":0.21100000000001273,"failureMessages":[],"meta":{},"tags":[]},{"ancestorTitles":["watch","isRelevantChange"],"fullName":"watch isRelevantChange accepts typecode.config.ts changes","status":"passed","title":"accepts typecode.config.ts changes","duration":0.6459999999999582,"failureMessages":[],"meta":{},"tags":[]},{"ancestorTitles":["watch","isRelevantChange"],"fullName":"watch isRelevantChange rejects unrelated config file changes","status":"passed","title":"rejects unrelated config file changes","duration":0.29139999999983957,"failureMessages":[],"meta":{},"tags":[]},{"ancestorTitles":["watch","isRelevantChange"],"fullName":"watch isRelevantChange rejects .tsx files... actually .tsx is not .ts so it should be rejected","status":"passed","title":"rejects .tsx files... actually .tsx is not .ts so it should be rejected","duration":0.24569999999994252,"failureMessages":[],"meta":{},"tags":[]},{"ancestorTitles":["watch","watch flag parsing"],"fullName":"watch watch flag parsing parses --watch flag","status":"passed","title":"parses --watch flag","duration":4.129400000000032,"failureMessages":[],"meta":{},"tags":[]},{"ancestorTitles":["watch","watch flag parsing"],"fullName":"watch watch flag parsing parses -w short flag","status":"passed","title":"parses -w short flag","duration":0.6163000000001375,"failureMessages":[],"meta":{},"tags":[]},{"ancestorTitles":["watch","watch flag parsing"],"fullName":"watch watch flag parsing defaults watch to false","status":"passed","title":"defaults watch to false","duration":0.3865000000000691,"failureMessages":[],"meta":{},"tags":[]},{"ancestorTitles":["watch","watch flag parsing"],"fullName":"watch watch flag parsing rejects --watch --monitor combination","status":"passed","title":"rejects --watch --monitor combination","duration":1.2916999999999916,"failureMessages":[],"meta":{},"tags":[]},{"ancestorTitles":["watch","watch flag parsing"],"fullName":"watch watch flag parsing allows --watch --compile","status":"passed","title":"allows --watch --compile","duration":0.2678000000000793,"failureMessages":[],"meta":{},"tags":[]},{"ancestorTitles":["watch","watch flag parsing"],"fullName":"watch watch flag parsing allows --watch --compile --upload","status":"passed","title":"allows --watch --compile --upload","duration":0.2700999999999567,"failureMessages":[],"meta":{},"tags":[]}],"startTime":1777296271140,"endTime":1777296271156.27,"status":"passed","message":"","name":"C:/typecad/typecode/tests/packages/transpiler/watch.test.ts"}]}